<?xml version="1.0" encoding="UTF-8"?>
<testsuite xmlns:xsi="http://www.w3.org/2001/XMLSchema-instance" xsi:noNamespaceSchemaLocation="https://maven.apache.org/surefire/maven-surefire-plugin/xsd/surefire-test-report-3.0.xsd" version="3.0" name="gr.hua.dit.ds.dsproject.DsprojectApplicationTests" time="14.156" tests="1" errors="0" skipped="0" failures="0">
  <properties>
[...]
</properties>
  <testcase name="contextLoads" classname="gr.hua.dit.ds.dsproject.DsprojectApplicationTests" time="0.564">
    <system-out><![CDATA[15:20:32.441 [main] INFO org.springframework.test.context.support.AnnotationConfigContextLoaderUtils -- Could not detect default configuration classes for test class [gr.hua.dit.ds.dsproject.DsprojectApplicationTests]: DsprojectApplicationTests does not declare any static, non-private, non-final, nested classes annotated with @Configuration.
15:20:32.558 [main] INFO org.springframework.boot.test.context.SpringBootTestContextBootstrapper -- Found @SpringBootConfiguration gr.hua.dit.ds.dsproject.DsprojectApplication for test class gr.hua.dit.ds.dsproject.DsprojectApplicationTests
15:20:32.732 [main] INFO org.springframework.boot.devtools.restart.RestartApplicationListener -- Restart disabled due to context in which it is running

  .   ____          _            __ _ _
 /\\ / ___'_ __ _ _(_)_ __  __ _ \ \ \ \
( ( )\___ | '_ | '_| | '_ \/ _` | \ \ \ \
 \\/  ___)| |_)| | | | | || (_| |  ) ) ) )
  '  |____| .__|_| |_|_| |_\__, | / / / /
 =========|_|==============|___/=/_/_/_/

 :: Spring Boot ::                (v3.3.7)

2025-02-17T15:20:33.086+02:00  INFO 41629 --- [dsproject] [           main] g.h.d.d.d.DsprojectApplicationTests      : Starting DsprojectApplicationTests using Java 21.0.6 with PID 41629 (started by karatziask in /home/karatziask/code/semester_5/distributed_systems/project1/DS-Project)
2025-02-17T15:20:33.088+02:00  INFO 41629 --- [dsproject] [           main] g.h.d.d.d.DsprojectApplicationTests      : No active profile set, falling back to 1 default profile: "default"
2025-02-17T15:20:34.208+02:00  INFO 41629 --- [dsproject] [           main] .s.d.r.c.RepositoryConfigurationDelegate : Bootstrapping Spring Data JPA repositories in DEFAULT mode.
2025-02-17T15:20:34.311+02:00  INFO 41629 --- [dsproject] [           main] .s.d.r.c.RepositoryConfigurationDelegate : Finished Spring Data repository scanning in 78 ms. Found 7 JPA repository interfaces.
2025-02-17T15:20:35.096+02:00  INFO 41629 --- [dsproject] [           main] o.hibernate.jpa.internal.util.LogHelper  : HHH000204: Processing PersistenceUnitInfo [name: default]
2025-02-17T15:20:35.176+02:00  INFO 41629 --- [dsproject] [           main] org.hibernate.Version                    : HHH000412: Hibernate ORM core version 6.5.3.Final
2025-02-17T15:20:35.222+02:00  INFO 41629 --- [dsproject] [           main] o.h.c.internal.RegionFactoryInitiator    : HHH000026: Second-level cache disabled
2025-02-17T15:20:35.607+02:00  INFO 41629 --- [dsproject] [           main] o.s.o.j.p.SpringPersistenceUnitInfo      : No LoadTimeWeaver setup: ignoring JPA class transformer
2025-02-17T15:20:35.643+02:00  INFO 41629 --- [dsproject] [           main] com.zaxxer.hikari.HikariDataSource       : HikariPool-1 - Starting...
2025-02-17T15:20:38.769+02:00  INFO 41629 --- [dsproject] [           main] com.zaxxer.hikari.pool.HikariPool        : HikariPool-1 - Added connection org.postgresql.jdbc.PgConnection@25e95af1
2025-02-17T15:20:38.775+02:00  INFO 41629 --- [dsproject] [           main] com.zaxxer.hikari.HikariDataSource       : HikariPool-1 - Start completed.
2025-02-17T15:20:38.905+02:00  WARN 41629 --- [dsproject] [           main] org.hibernate.orm.deprecation            : HHH90000025: PostgreSQLDialect does not need to be specified explicitly using 'hibernate.dialect' (remove the property setting and it will be selected by default)
2025-02-17T15:20:40.498+02:00  INFO 41629 --- [dsproject] [           main] o.h.e.t.j.p.i.JtaPlatformInitiator       : HHH000489: No JTA platform available (set 'hibernate.transaction.jta.platform' to enable JTA platform integration)
2025-02-17T15:20:43.196+02:00  INFO 41629 --- [dsproject] [           main] j.LocalContainerEntityManagerFactoryBean : Initialized JPA EntityManagerFactory for persistence unit 'default'
Hibernate: 
    select
        r1_0.id,
        r1_0.name 
    from
        roles r1_0 
    where
        r1_0.name=?
Hibernate: 
    select
        r1_0.id,
        r1_0.name 
    from
        roles r1_0 
    where
        r1_0.name=?
Hibernate: 
    select
        r1_0.id,
        r1_0.name 
    from
        roles r1_0 
    where
        r1_0.name=?
Hibernate: 
    select
        u1_0.id,
        u1_0.email,
        u1_0.password,
        u1_0.username 
    from
        users u1_0 
    where
        u1_0.username=?
Hibernate: 
    select
        c1_0.id,
        c1_0.first_name,
        c1_0.last_name,
        c1_0.phone,
        u1_0.id,
        u1_0.email,
        f1_0.id,
        f1_0.first_name,
        f1_0.last_name,
        f1_0.phone,
        f1_0.skills,
        f1_0.verified,
        u1_0.password,
        u1_0.username 
    from
        client c1_0 
    left join
        users u1_0 
            on u1_0.id=c1_0.user_id 
    left join
        freelancer f1_0 
            on u1_0.id=f1_0.user_id 
    where
        c1_0.user_id=?
Hibernate: 
    select
        f1_0.id,
        f1_0.first_name,
        f1_0.last_name,
        f1_0.phone,
        f1_0.skills,
        u1_0.id,
        c1_0.id,
        c1_0.first_name,
        c1_0.last_name,
        c1_0.phone,
        u1_0.email,
        u1_0.password,
        u1_0.username,
        f1_0.verified 
    from
        freelancer f1_0 
    left join
        users u1_0 
            on u1_0.id=f1_0.user_id 
    left join
        client c1_0 
            on u1_0.id=c1_0.user_id 
    where
        f1_0.user_id=?
2025-02-17T15:20:44.678+02:00  WARN 41629 --- [dsproject] [           main] JpaBaseConfiguration$JpaWebConfiguration : spring.jpa.open-in-view is enabled by default. Therefore, database queries may be performed during view rendering. Explicitly configure spring.jpa.open-in-view to disable this warning
2025-02-17T15:20:44.711+02:00  INFO 41629 --- [dsproject] [           main] r$InitializeUserDetailsManagerConfigurer : Global AuthenticationManager configured with UserDetailsService bean with name userService
2025-02-17T15:20:44.799+02:00  INFO 41629 --- [dsproject] [           main] o.s.b.a.w.s.WelcomePageHandlerMapping    : Adding welcome page template: index
2025-02-17T15:20:45.762+02:00  INFO 41629 --- [dsproject] [           main] g.h.d.d.d.DsprojectApplicationTests      : Started DsprojectApplicationTests in 13.045 seconds (process running for 14.281)
]]></system-out>
    <system-err><![CDATA[WARNING: A Java agent has been loaded dynamically (/home/karatziask/.m2/repository/net/bytebuddy/byte-buddy-agent/1.14.19/byte-buddy-agent-1.14.19.jar)
WARNING: If a serviceability tool is in use, please run with -XX:+EnableDynamicAgentLoading to hide this warning
WARNING: If a serviceability tool is not in use, please run with -Djdk.instrument.traceUsage for more information
WARNING: Dynamic loading of agents will be disallowed by default in a future release
]]></system-err>
  </testcase>
</testsuite>